============================= test session starts ==============================
platform linux -- Python 3.12.3, pytest-9.1.1, pluggy-1.6.0 -- /usr/bin/python3
cachedir: .pytest_cache
rootdir: /home/claude/amr
collecting ... collected 51 items

tests/test_all.py::TestMap::test_map_builds PASSED                       [  1%]
tests/test_all.py::TestMap::test_has_passing_bays PASSED                 [  3%]
tests/test_all.py::TestMap::test_map_is_adversarial PASSED               [  5%]
tests/test_all.py::TestMap::test_all_nodes_reachable PASSED              [  7%]
tests/test_all.py::TestMap::test_aisle_segments_span_width PASSED        [  9%]
tests/test_all.py::TestMessages::test_roundtrip PASSED                   [ 11%]
tests/test_all.py::TestMessages::test_staleness PASSED                   [ 13%]
tests/test_all.py::TestMessages::test_priority_is_total_and_deterministic PASSED [ 15%]
tests/test_all.py::TestAuction::test_T1_lowest_cost_wins PASSED          [ 17%]
tests/test_all.py::TestAuction::test_T1b_deterministic_tiebreak PASSED   [ 19%]
tests/test_all.py::TestAuction::test_T2_capacity_gate PASSED             [ 21%]
tests/test_all.py::TestAuction::test_T2b_infeasible_never_wins PASSED    [ 23%]
tests/test_all.py::TestAuction::test_T3_battery_beats_proximity PASSED   [ 25%]
tests/test_all.py::TestAuction::test_T4_no_feasible_bidder PASSED        [ 27%]
tests/test_all.py::TestPlanner::test_path_valid_and_connected PASSED     [ 29%]
tests/test_all.py::TestPlanner::test_unreachable_returns_empty PASSED    [ 31%]
tests/test_all.py::TestPlanner::test_congestion_changes_route PASSED     [ 33%]
tests/test_all.py::TestPlanner::test_blocked_belief_decays PASSED        [ 35%]
tests/test_all.py::TestPlanner::test_stale_peer_reservations_decay PASSED [ 37%]
tests/test_all.py::TestPlanner::test_replan_latency_budget PASSED        [ 39%]
tests/test_all.py::TestSpeedAdaptation::test_T5_slows_instead_of_stopping PASSED [ 41%]
tests/test_all.py::TestSpeedAdaptation::test_T5b_stop_is_last_resort_only PASSED [ 43%]
tests/test_all.py::TestSpeedAdaptation::test_proceeds_when_clear PASSED  [ 45%]
tests/test_all.py::TestSpeedAdaptation::test_hysteresis_prevents_chatter PASSED [ 47%]
tests/test_all.py::TestDeadlock::test_T10_detects_3cycle PASSED          [ 49%]
tests/test_all.py::TestDeadlock::test_detects_2cycle PASSED              [ 50%]
tests/test_all.py::TestDeadlock::test_no_false_positive_on_chain PASSED  [ 52%]
tests/test_all.py::TestDeadlock::test_yielder_is_lowest_priority_and_agreed PASSED [ 54%]
tests/test_all.py::TestDeadlock::test_stall_needs_sustained_time PASSED  [ 56%]
tests/test_all.py::TestDeadlock::test_stall_clears_on_movement PASSED    [ 58%]
tests/test_all.py::TestComms::test_basic_delivery PASSED                 [ 60%]
tests/test_all.py::TestComms::test_sender_never_receives_own_message PASSED [ 62%]
tests/test_all.py::TestComms::test_T12_isolate_one_robot PASSED          [ 64%]
tests/test_all.py::TestComms::test_T13_total_blackout PASSED             [ 66%]
tests/test_all.py::TestComms::test_link_restore PASSED                   [ 68%]
tests/test_all.py::TestComms::test_T14_packet_loss_is_partial PASSED     [ 70%]
tests/test_all.py::TestComms::test_range_limit PASSED                    [ 72%]
tests/test_all.py::TestComms::test_dead_zone PASSED                      [ 74%]
tests/test_all.py::TestComms::test_latency_is_not_instant PASSED         [ 76%]
tests/test_all.py::TestIntegration::test_zero_collisions_nominal PASSED  [ 78%]
tests/test_all.py::TestIntegration::test_T13_zero_collisions_under_blackout PASSED [ 80%]
tests/test_all.py::TestIntegration::test_robots_degrade_on_comms_loss PASSED [ 82%]
tests/test_all.py::TestIntegration::test_tasks_actually_complete PASSED  [ 84%]
tests/test_all.py::TestIntegration::test_robots_stay_on_free_cells PASSED [ 86%]
tests/test_all.py::TestIntegration::test_deterministic_given_seed PASSED [ 88%]
tests/test_all.py::TestIntegration::test_T18_beats_stop_and_wait PASSED  [ 90%]
tests/test_all.py::TestPolicy::test_shapes_and_size PASSED               [ 92%]
tests/test_all.py::TestPolicy::test_observation_is_local_only PASSED     [ 94%]
tests/test_all.py::TestPolicy::test_learns_above_chance PASSED           [ 96%]
tests/test_all.py::TestPolicy::test_fallback_on_low_confidence PASSED    [ 98%]
tests/test_all.py::TestPolicy::test_no_policy_means_pure_rules PASSED    [100%]

============================= 51 passed in 17.49s ==============================
